# JRE version: OpenJDK Runtime Environment (17.0.9) (build 17.0.9+0--11185874)
# Java VM: OpenJDK 64-Bit Server VM (17.0.9+0--11185874, mixed mode, tiered, compressed oops, compressed class ptrs, g1 gc, windows-amd64)
GC Precious Log:
 CPUs: 4 total, 4 available
 Memory: 8084M
 Large Page Support: Disabled
 NUMA Support: Disabled
 Compressed Oops: Enabled (32-bit)
 Heap Region Size: 1M
 Heap Min Capacity: 8M
 Heap Initial Capacity: 128M
 Heap Max Capacity: 2G
 Pre-touch: Disabled
 Parallel Workers: 4
 Concurrent Workers: 1
 Concurrent Refinement Workers: 4
 Periodic GC: Disabled
Heap:
 garbage-first heap   total 101376K, used 59009K [0x0000000080000000, 0x0000000100000000)
  region size 1024K, 8 young (8192K), 2 survivors (2048K)
 Metaspace       used 52277K, committed 52736K, reserved 1114112K
  class space    used 6885K, committed 7104K, reserved 1048576K
GC Heap History (20 events):
Event: 10.207 GC heap before
{Heap before GC invocations=8 (full 0):
 garbage-first heap   total 69632K, used 54031K [0x0000000080000000, 0x0000000100000000)
  region size 1024K, 19 young (19456K), 4 survivors (4096K)
 Metaspace       used 34917K, committed 35264K, reserved 1114112K
  class space    used 4791K, committed 4992K, reserved 1048576K
}
Event: 10.212 GC heap after
{Heap after GC invocations=9 (full 0):
 garbage-first heap   total 69632K, used 39200K [0x0000000080000000, 0x0000000100000000)
  region size 1024K, 1 young (1024K), 1 survivors (1024K)
 Metaspace       used 34917K, committed 35264K, reserved 1114112K
  class space    used 4791K, committed 4992K, reserved 1048576K
}
Event: 10.772 GC heap before
{Heap before GC invocations=10 (full 0):
 garbage-first heap   total 70656K, used 55584K [0x0000000080000000, 0x0000000100000000)
  region size 1024K, 17 young (17408K), 1 survivors (1024K)
 Metaspace       used 37306K, committed 37696K, reserved 1114112K
  class space    used 5152K, committed 5312K, reserved 1048576K
}
Event: 10.775 GC heap after
{Heap after GC invocations=11 (full 0):
 garbage-first heap   total 70656K, used 39677K [0x0000000080000000, 0x0000000100000000)
  region size 1024K, 2 young (2048K), 2 survivors (2048K)
 Metaspace       used 37306K, committed 37696K, reserved 1114112K
  class space    used 5152K, committed 5312K, reserved 1048576K
}
Event: 11.307 GC heap before
{Heap before GC invocations=11 (full 0):
 garbage-first heap   total 70656K, used 55037K [0x0000000080000000, 0x0000000100000000)
  region size 1024K, 18 young (18432K), 2 survivors (2048K)
 Metaspace       used 41452K, committed 41792K, reserved 1114112K
  class space    used 5610K, committed 5760K, reserved 1048576K
}
Event: 11.312 GC heap after
{Heap after GC invocations=12 (full 0):
 garbage-first heap   total 70656K, used 41728K [0x0000000080000000, 0x0000000100000000)
  region size 1024K, 3 young (3072K), 3 survivors (3072K)
 Metaspace       used 41452K, committed 41792K, reserved 1114112K
  class space    used 5610K, committed 5760K, reserved 1048576K
}
Event: 11.608 GC heap before
{Heap before GC invocations=13 (full 0):
 garbage-first heap   total 75776K, used 55040K [0x0000000080000000, 0x0000000100000000)
  region size 1024K, 17 young (17408K), 3 survivors (3072K)
 Metaspace       used 43395K, committed 43776K, reserved 1114112K
  class space    used 5824K, committed 6016K, reserved 1048576K
}
Event: 11.615 GC heap after
{Heap after GC invocations=14 (full 0):
 garbage-first heap   total 75776K, used 43440K [0x0000000080000000, 0x0000000100000000)
  region size 1024K, 2 young (2048K), 2 survivors (2048K)
 Metaspace       used 43395K, committed 43776K, reserved 1114112K
  class space    used 5824K, committed 6016K, reserved 1048576K
}
Event: 11.807 GC heap before
{Heap before GC invocations=14 (full 0):
 garbage-first heap   total 75776K, used 59824K [0x0000000080000000, 0x0000000100000000)
  region size 1024K, 18 young (18432K), 2 survivors (2048K)
 Metaspace       used 43666K, committed 44160K, reserved 1114112K
  class space    used 5855K, committed 6080K, reserved 1048576K
}
Event: 11.812 GC heap after
{Heap after GC invocations=15 (full 0):
 garbage-first heap   total 75776K, used 44017K [0x0000000080000000, 0x0000000100000000)
  region size 1024K, 3 young (3072K), 3 survivors (3072K)
 Metaspace       used 43666K, committed 44160K, reserved 1114112K
  class space    used 5855K, committed 6080K, reserved 1048576K
}
Event: 15.794 GC heap before
{Heap before GC invocations=16 (full 0):
 garbage-first heap   total 92160K, used 63473K [0x0000000080000000, 0x0000000100000000)
  region size 1024K, 18 young (18432K), 3 survivors (3072K)
 Metaspace       used 46281K, committed 46720K, reserved 1114112K
  class space    used 6096K, committed 6336K, reserved 1048576K
}
Event: 15.800 GC heap after
{Heap after GC invocations=17 (full 0):
 garbage-first heap   total 92160K, used 45657K [0x0000000080000000, 0x0000000100000000)
  region size 1024K, 3 young (3072K), 3 survivors (3072K)
 Metaspace       used 46281K, committed 46720K, reserved 1114112K
  class space    used 6096K, committed 6336K, reserved 1048576K
}
Event: 18.355 GC heap before
{Heap before GC invocations=17 (full 0):
 garbage-first heap   total 92160K, used 72281K [0x0000000080000000, 0x0000000100000000)
  region size 1024K, 29 young (29696K), 3 survivors (3072K)
 Metaspace       used 48938K, committed 49344K, reserved 1114112K
  class space    used 6527K, committed 6720K, reserved 1048576K
}
Event: 18.363 GC heap after
{Heap after GC invocations=18 (full 0):
 garbage-first heap   total 92160K, used 47930K [0x0000000080000000, 0x0000000100000000)
  region size 1024K, 4 young (4096K), 4 survivors (4096K)
 Metaspace       used 48938K, committed 49344K, reserved 1114112K
  class space    used 6527K, committed 6720K, reserved 1048576K
}
Event: 18.681 GC heap before
{Heap before GC invocations=19 (full 0):
 garbage-first heap   total 92160K, used 54074K [0x0000000080000000, 0x0000000100000000)
  region size 1024K, 11 young (11264K), 4 survivors (4096K)
 Metaspace       used 49170K, committed 49664K, reserved 1114112K
  class space    used 6566K, committed 6784K, reserved 1048576K
}
Event: 18.687 GC heap after
{Heap after GC invocations=20 (full 0):
 garbage-first heap   total 92160K, used 49092K [0x0000000080000000, 0x0000000100000000)
  region size 1024K, 2 young (2048K), 2 survivors (2048K)
 Metaspace       used 49170K, committed 49664K, reserved 1114112K
  class space    used 6566K, committed 6784K, reserved 1048576K
}
Event: 19.585 GC heap before
{Heap before GC invocations=21 (full 0):
 garbage-first heap   total 92160K, used 55236K [0x0000000080000000, 0x0000000100000000)
  region size 1024K, 7 young (7168K), 2 survivors (2048K)
 Metaspace       used 49517K, committed 49984K, reserved 1114112K
  class space    used 6591K, committed 6784K, reserved 1048576K
}
Event: 19.588 GC heap after
{Heap after GC invocations=22 (full 0):
 garbage-first heap   total 92160K, used 53439K [0x0000000080000000, 0x0000000100000000)
  region size 1024K, 3 young (3072K), 3 survivors (3072K)
 Metaspace       used 49517K, committed 49984K, reserved 1114112K
  class space    used 6591K, committed 6784K, reserved 1048576K
}
Event: 81.490 GC heap before
{Heap before GC invocations=23 (full 0):
 garbage-first heap   total 101376K, used 71871K [0x0000000080000000, 0x0000000100000000)
  region size 1024K, 20 young (20480K), 3 survivors (3072K)
 Metaspace       used 51600K, committed 52096K, reserved 1114112K
  class space    used 6790K, committed 7040K, reserved 1048576K
}
Event: 81.496 GC heap after
{Heap after GC invocations=24 (full 0):
 garbage-first heap   total 101376K, used 53889K [0x0000000080000000, 0x0000000100000000)
  region size 1024K, 2 young (2048K), 2 survivors (2048K)
 Metaspace       used 51600K, committed 52096K, reserved 1114112K
  class space    used 6790K, committed 7040K, reserved 1048576K
}

