# JRE version: OpenJDK Runtime Environment (17.0.9) (build 17.0.9+0--11185874)
# Java VM: OpenJDK 64-Bit Server VM (17.0.9+0--11185874, mixed mode, tiered, compressed oops, compressed class ptrs, g1 gc, windows-amd64)
GC Precious Log:
 CPUs: 4 total, 4 available
 Memory: 8084M
 Large Page Support: Disabled
 NUMA Support: Disabled
 Compressed Oops: Enabled (32-bit)
 Heap Region Size: 1M
 Heap Min Capacity: 8M
 Heap Initial Capacity: 128M
 Heap Max Capacity: 2G
 Pre-touch: Disabled
 Parallel Workers: 4
 Concurrent Workers: 1
 Concurrent Refinement Workers: 4
 Periodic GC: Disabled
Heap:
 garbage-first heap   total 181248K, used 120703K [0x0000000080000000, 0x0000000100000000)
  region size 1024K, 14 young (14336K), 6 survivors (6144K)
 Metaspace       used 106635K, committed 107392K, reserved 1179648K
  class space    used 14168K, committed 14528K, reserved 1048576K
GC Heap History (20 events):
Event: 81.410 GC heap before
{Heap before GC invocations=45 (full 0):
 garbage-first heap   total 147456K, used 110240K [0x0000000080000000, 0x0000000100000000)
  region size 1024K, 29 young (29696K), 4 survivors (4096K)
 Metaspace       used 81510K, committed 82240K, reserved 1179648K
  class space    used 11397K, committed 11712K, reserved 1048576K
}
Event: 81.418 GC heap after
{Heap after GC invocations=46 (full 0):
 garbage-first heap   total 147456K, used 87266K [0x0000000080000000, 0x0000000100000000)
  region size 1024K, 2 young (2048K), 2 survivors (2048K)
 Metaspace       used 81510K, committed 82240K, reserved 1179648K
  class space    used 11397K, committed 11712K, reserved 1048576K
}
Event: 81.640 GC heap before
{Heap before GC invocations=46 (full 0):
 garbage-first heap   total 147456K, used 92386K [0x0000000080000000, 0x0000000100000000)
  region size 1024K, 7 young (7168K), 2 survivors (2048K)
 Metaspace       used 82335K, committed 83072K, reserved 1179648K
  class space    used 11483K, committed 11840K, reserved 1048576K
}
Event: 81.644 GC heap after
{Heap after GC invocations=47 (full 0):
 garbage-first heap   total 147456K, used 87146K [0x0000000080000000, 0x0000000100000000)
  region size 1024K, 1 young (1024K), 1 survivors (1024K)
 Metaspace       used 82335K, committed 83072K, reserved 1179648K
  class space    used 11483K, committed 11840K, reserved 1048576K
}
Event: 85.033 GC heap before
{Heap before GC invocations=47 (full 0):
 garbage-first heap   total 147456K, used 124010K [0x0000000080000000, 0x0000000100000000)
  region size 1024K, 27 young (27648K), 1 survivors (1024K)
 Metaspace       used 84461K, committed 85184K, reserved 1179648K
  class space    used 11717K, committed 12032K, reserved 1048576K
}
Event: 85.038 GC heap after
{Heap after GC invocations=48 (full 0):
 garbage-first heap   total 147456K, used 100809K [0x0000000080000000, 0x0000000100000000)
  region size 1024K, 4 young (4096K), 4 survivors (4096K)
 Metaspace       used 84461K, committed 85184K, reserved 1179648K
  class space    used 11717K, committed 12032K, reserved 1048576K
}
Event: 87.581 GC heap before
{Heap before GC invocations=48 (full 0):
 garbage-first heap   total 147456K, used 119241K [0x0000000080000000, 0x0000000100000000)
  region size 1024K, 23 young (23552K), 4 survivors (4096K)
 Metaspace       used 86518K, committed 87232K, reserved 1179648K
  class space    used 11926K, committed 12288K, reserved 1048576K
}
Event: 87.587 GC heap after
{Heap after GC invocations=49 (full 0):
 garbage-first heap   total 147456K, used 102558K [0x0000000080000000, 0x0000000100000000)
  region size 1024K, 2 young (2048K), 2 survivors (2048K)
 Metaspace       used 86518K, committed 87232K, reserved 1179648K
  class space    used 11926K, committed 12288K, reserved 1048576K
}
Event: 89.432 GC heap before
{Heap before GC invocations=49 (full 0):
 garbage-first heap   total 147456K, used 120990K [0x0000000080000000, 0x0000000100000000)
  region size 1024K, 20 young (20480K), 2 survivors (2048K)
 Metaspace       used 88808K, committed 89472K, reserved 1179648K
  class space    used 12091K, committed 12416K, reserved 1048576K
}
Event: 89.437 GC heap after
{Heap after GC invocations=50 (full 0):
 garbage-first heap   total 147456K, used 104090K [0x0000000080000000, 0x0000000100000000)
  region size 1024K, 2 young (2048K), 2 survivors (2048K)
 Metaspace       used 88808K, committed 89472K, reserved 1179648K
  class space    used 12091K, committed 12416K, reserved 1048576K
}
Event: 91.237 GC heap before
{Heap before GC invocations=51 (full 0):
 garbage-first heap   total 181248K, used 121498K [0x0000000080000000, 0x0000000100000000)
  region size 1024K, 20 young (20480K), 2 survivors (2048K)
 Metaspace       used 91013K, committed 91712K, reserved 1179648K
  class space    used 12349K, committed 12672K, reserved 1048576K
}
Event: 91.241 GC heap after
{Heap after GC invocations=52 (full 0):
 garbage-first heap   total 181248K, used 104124K [0x0000000080000000, 0x0000000100000000)
  region size 1024K, 2 young (2048K), 2 survivors (2048K)
 Metaspace       used 91013K, committed 91712K, reserved 1179648K
  class space    used 12349K, committed 12672K, reserved 1048576K
}
Event: 92.380 GC heap before
{Heap before GC invocations=52 (full 0):
 garbage-first heap   total 181248K, used 110268K [0x0000000080000000, 0x0000000100000000)
  region size 1024K, 8 young (8192K), 2 survivors (2048K)
 Metaspace       used 91708K, committed 92480K, reserved 1179648K
  class space    used 12452K, committed 12800K, reserved 1048576K
}
Event: 92.386 GC heap after
{Heap after GC invocations=53 (full 0):
 garbage-first heap   total 181248K, used 103229K [0x0000000080000000, 0x0000000100000000)
  region size 1024K, 1 young (1024K), 1 survivors (1024K)
 Metaspace       used 91708K, committed 92480K, reserved 1179648K
  class space    used 12452K, committed 12800K, reserved 1048576K
}
Event: 94.192 GC heap before
{Heap before GC invocations=53 (full 0):
 garbage-first heap   total 181248K, used 144189K [0x0000000080000000, 0x0000000100000000)
  region size 1024K, 41 young (41984K), 1 survivors (1024K)
 Metaspace       used 96628K, committed 97344K, reserved 1179648K
  class space    used 13044K, committed 13376K, reserved 1048576K
}
Event: 94.199 GC heap after
{Heap after GC invocations=54 (full 0):
 garbage-first heap   total 181248K, used 104903K [0x0000000080000000, 0x0000000100000000)
  region size 1024K, 3 young (3072K), 3 survivors (3072K)
 Metaspace       used 96628K, committed 97344K, reserved 1179648K
  class space    used 13044K, committed 13376K, reserved 1048576K
}
Event: 97.097 GC heap before
{Heap before GC invocations=54 (full 0):
 garbage-first heap   total 181248K, used 147911K [0x0000000080000000, 0x0000000100000000)
  region size 1024K, 44 young (45056K), 3 survivors (3072K)
 Metaspace       used 99558K, committed 100288K, reserved 1179648K
  class space    used 13415K, committed 13760K, reserved 1048576K
}
Event: 97.105 GC heap after
{Heap after GC invocations=55 (full 0):
 garbage-first heap   total 181248K, used 107540K [0x0000000080000000, 0x0000000100000000)
  region size 1024K, 5 young (5120K), 5 survivors (5120K)
 Metaspace       used 99558K, committed 100288K, reserved 1179648K
  class space    used 13415K, committed 13760K, reserved 1048576K
}
Event: 108.669 GC heap before
{Heap before GC invocations=55 (full 0):
 garbage-first heap   total 181248K, used 148500K [0x0000000080000000, 0x0000000100000000)
  region size 1024K, 45 young (46080K), 5 survivors (5120K)
 Metaspace       used 101410K, committed 102080K, reserved 1179648K
  class space    used 13629K, committed 13952K, reserved 1048576K
}
Event: 108.688 GC heap after
{Heap after GC invocations=56 (full 0):
 garbage-first heap   total 181248K, used 109948K [0x0000000080000000, 0x0000000100000000)
  region size 1024K, 5 young (5120K), 5 survivors (5120K)
 Metaspace       used 101410K, committed 102080K, reserved 1179648K
  class space    used 13629K, committed 13952K, reserved 1048576K
}

